Reading netlist file: "C:\cygwin64\home\koray\verilog\lab3\impl\gwsynthesis\lab3.vg"
Parsing netlist file "C:\cygwin64\home\koray\verilog\lab3\impl\gwsynthesis\lab3.vg" completed
Processing netlist completed
Running placement......
[10%] Placement Phase 0 completed
[20%] Placement Phase 1 completed
[30%] Placement Phase 2 completed
[50%] Placement Phase 3 completed
Running routing......
[60%] Routing Phase 0 completed
[70%] Routing Phase 1 completed
[80%] Routing Phase 2 completed
[90%] Routing Phase 3 completed
Running timing analysis......
[95%] Timing analysis completed
Placement and routing completed
Bitstream generation in progress......
Bitstream generation completed
Running power analysis......
[100%] Power analysis completed
Generate file "C:\cygwin64\home\koray\verilog\lab3\impl\pnr\lab3.power.html" completed
Generate file "C:\cygwin64\home\koray\verilog\lab3\impl\pnr\lab3.pin.html" completed
Generate file "C:\cygwin64\home\koray\verilog\lab3\impl\pnr\lab3.rpt.html" completed
Generate file "C:\cygwin64\home\koray\verilog\lab3\impl\pnr\lab3.rpt.txt" completed
Generate file "C:\cygwin64\home\koray\verilog\lab3\impl\pnr\lab3.tr.html" completed
Sat May  4 01:07:45 2024

