Reading netlist file: "\\wsl.localhost\Debian\home\koray\code\verilog\gowin\bttn\impl\gwsynthesis\bttn.vg"
Parsing netlist file "\\wsl.localhost\Debian\home\koray\code\verilog\gowin\bttn\impl\gwsynthesis\bttn.vg" completed
Processing netlist completed
Reading constraint file: "\\wsl.localhost\Debian\home\koray\code\verilog\gowin\bttn\src\bttn.cst"
Physical Constraint parsed completed
Running placement......
[10%] Placement Phase 0 completed
[20%] Placement Phase 1 completed
[30%] Placement Phase 2 completed
[50%] Placement Phase 3 completed
Running routing......
[60%] Routing Phase 0 completed
[70%] Routing Phase 1 completed
[80%] Routing Phase 2 completed
[90%] Routing Phase 3 completed
Running timing analysis......
[95%] Timing analysis completed
Placement and routing completed
Bitstream generation in progress......
Bitstream generation completed
Running power analysis......
[100%] Power analysis completed
Generate file "\\wsl.localhost\Debian\home\koray\code\verilog\gowin\bttn\impl\pnr\bttn.power.html" completed
Generate file "\\wsl.localhost\Debian\home\koray\code\verilog\gowin\bttn\impl\pnr\bttn.pin.html" completed
Generate file "\\wsl.localhost\Debian\home\koray\code\verilog\gowin\bttn\impl\pnr\bttn.rpt.html" completed
Generate file "\\wsl.localhost\Debian\home\koray\code\verilog\gowin\bttn\impl\pnr\bttn.rpt.txt" completed
Generate file "\\wsl.localhost\Debian\home\koray\code\verilog\gowin\bttn\impl\pnr\bttn.tr.html" completed
Tue Jan 21 15:29:17 2025

